{
  "numTotalTestSuites": 15,
  "numPassedTestSuites": 15,
  "numFailedTestSuites": 0,
  "numPendingTestSuites": 0,
  "numTotalTests": 57,
  "numPassedTests": 1,
  "numFailedTests": 56,
  "numPendingTests": 0,
  "numTodoTests": 0,
  "startTime": 1761190166135,
  "success": false,
  "testResults": [
    {
      "assertionResults": [
        {
          "ancestorTitles": [
            "",
            "Market API - Basic Tests",
            "Health Check"
          ],
          "fullName": " Market API - Basic Tests Health Check should return health status",
          "status": "passed",
          "title": "should return health status",
          "duration": 15,
          "failureMessages": []
        },
        {
          "ancestorTitles": [
            "",
            "Market API - Basic Tests",
            "Products API"
          ],
          "fullName": " Market API - Basic Tests Products API should get all products",
          "status": "failed",
          "title": "should get all products",
          "duration": 44,
          "failureMessages": [
            "Request failed with status code 500"
          ],
          "location": {
            "line": 19,
            "column": 12
          }
        },
        {
          "ancestorTitles": [
            "",
            "Market API - Basic Tests",
            "Products API"
          ],
          "fullName": " Market API - Basic Tests Products API should get specific product by ID",
          "status": "failed",
          "title": "should get specific product by ID",
          "duration": 33,
          "failureMessages": [
            "Request failed with status code 500"
          ],
          "location": {
            "line": 19,
            "column": 12
          }
        },
        {
          "ancestorTitles": [
            "",
            "Market API - Basic Tests",
            "Products API"
          ],
          "fullName": " Market API - Basic Tests Products API should return 404 for non-existent product",
          "status": "failed",
          "title": "should return 404 for non-existent product",
          "duration": 4,
          "failureMessages": [
            "Cannot read properties of undefined (reading 'status')"
          ],
          "location": {
            "line": 35,
            "column": 31
          }
        },
        {
          "ancestorTitles": [
            "",
            "Market API - Basic Tests",
            "User Authentication"
          ],
          "fullName": " Market API - Basic Tests User Authentication should register a new user",
          "status": "failed",
          "title": "should register a new user",
          "duration": 4,
          "failureMessages": [
            "Error"
          ],
          "location": {
            "line": 96,
            "column": 14
          }
        },
        {
          "ancestorTitles": [
            "",
            "Market API - Basic Tests",
            "User Authentication"
          ],
          "fullName": " Market API - Basic Tests User Authentication should return 400 for missing username in registration",
          "status": "failed",
          "title": "should return 400 for missing username in registration",
          "duration": 2,
          "failureMessages": [
            "Cannot read properties of undefined (reading 'status')"
          ],
          "location": {
            "line": 61,
            "column": 31
          }
        },
        {
          "ancestorTitles": [
            "",
            "Market API - Basic Tests",
            "User Authentication"
          ],
          "fullName": " Market API - Basic Tests User Authentication should return 400 for missing password in registration",
          "status": "failed",
          "title": "should return 400 for missing password in registration",
          "duration": 2,
          "failureMessages": [
            "Cannot read properties of undefined (reading 'status')"
          ],
          "location": {
            "line": 72,
            "column": 31
          }
        },
        {
          "ancestorTitles": [
            "",
            "Market API - Basic Tests",
            "User Authentication"
          ],
          "fullName": " Market API - Basic Tests User Authentication should login with existing user",
          "status": "failed",
          "title": "should login with existing user",
          "duration": 2,
          "failureMessages": [
            "Error"
          ],
          "location": {
            "line": 96,
            "column": 14
          }
        },
        {
          "ancestorTitles": [
            "",
            "Market API - Basic Tests",
            "User Authentication"
          ],
          "fullName": " Market API - Basic Tests User Authentication should return 400 for missing username in login",
          "status": "failed",
          "title": "should return 400 for missing username in login",
          "duration": 2,
          "failureMessages": [
            "Cannot read properties of undefined (reading 'status')"
          ],
          "location": {
            "line": 95,
            "column": 31
          }
        },
        {
          "ancestorTitles": [
            "",
            "Market API - Basic Tests",
            "User Authentication"
          ],
          "fullName": " Market API - Basic Tests User Authentication should return 400 for missing password in login",
          "status": "failed",
          "title": "should return 400 for missing password in login",
          "duration": 3,
          "failureMessages": [
            "Cannot read properties of undefined (reading 'status')"
          ],
          "location": {
            "line": 106,
            "column": 31
          }
        },
        {
          "ancestorTitles": [
            "",
            "Market API - Basic Tests",
            "User Authentication"
          ],
          "fullName": " Market API - Basic Tests User Authentication should return 401 for invalid credentials",
          "status": "failed",
          "title": "should return 401 for invalid credentials",
          "duration": 2,
          "failureMessages": [
            "Cannot read properties of undefined (reading 'status')"
          ],
          "location": {
            "line": 118,
            "column": 31
          }
        },
        {
          "ancestorTitles": [
            "",
            "Market API - Basic Tests",
            "Protected Routes - Orders"
          ],
          "fullName": " Market API - Basic Tests Protected Routes - Orders should login to get token",
          "status": "failed",
          "title": "should login to get token",
          "duration": 2,
          "failureMessages": [
            "Error"
          ],
          "location": {
            "line": 96,
            "column": 14
          }
        },
        {
          "ancestorTitles": [
            "",
            "Market API - Basic Tests",
            "Protected Routes - Orders"
          ],
          "fullName": " Market API - Basic Tests Protected Routes - Orders should return 401 for orders without token",
          "status": "failed",
          "title": "should return 401 for orders without token",
          "duration": 2,
          "failureMessages": [
            "Cannot read properties of undefined (reading 'status')"
          ],
          "location": {
            "line": 142,
            "column": 31
          }
        },
        {
          "ancestorTitles": [
            "",
            "Market API - Basic Tests",
            "Protected Routes - Orders"
          ],
          "fullName": " Market API - Basic Tests Protected Routes - Orders should create a new order with date",
          "status": "failed",
          "title": "should create a new order with date",
          "duration": 2,
          "failureMessages": [
            "Error"
          ],
          "location": {
            "line": 96,
            "column": 14
          }
        },
        {
          "ancestorTitles": [
            "",
            "Market API - Basic Tests",
            "Protected Routes - Orders"
          ],
          "fullName": " Market API - Basic Tests Protected Routes - Orders should return 400 for order without date",
          "status": "failed",
          "title": "should return 400 for order without date",
          "duration": 2,
          "failureMessages": [
            "Cannot read properties of undefined (reading 'status')"
          ],
          "location": {
            "line": 168,
            "column": 31
          }
        },
        {
          "ancestorTitles": [
            "",
            "Market API - Basic Tests",
            "Protected Routes - Orders"
          ],
          "fullName": " Market API - Basic Tests Protected Routes - Orders should get all orders for logged-in user",
          "status": "failed",
          "title": "should get all orders for logged-in user",
          "duration": 1,
          "failureMessages": [
            "Error"
          ],
          "location": {
            "line": 96,
            "column": 14
          }
        },
        {
          "ancestorTitles": [
            "",
            "Market API - Basic Tests",
            "Protected Routes - Orders"
          ],
          "fullName": " Market API - Basic Tests Protected Routes - Orders should get specific order by ID",
          "status": "failed",
          "title": "should get specific order by ID",
          "duration": 2,
          "failureMessages": [
            "Error"
          ],
          "location": {
            "line": 96,
            "column": 14
          }
        },
        {
          "ancestorTitles": [
            "",
            "Market API - Basic Tests",
            "Protected Routes - Orders"
          ],
          "fullName": " Market API - Basic Tests Protected Routes - Orders should return 404 for non-existent order",
          "status": "failed",
          "title": "should return 404 for non-existent order",
          "duration": 1,
          "failureMessages": [
            "Cannot read properties of undefined (reading 'status')"
          ],
          "location": {
            "line": 198,
            "column": 31
          }
        },
        {
          "ancestorTitles": [
            "",
            "Market API - Basic Tests",
            "Protected Routes - Orders"
          ],
          "fullName": " Market API - Basic Tests Protected Routes - Orders should add product to order",
          "status": "failed",
          "title": "should add product to order",
          "duration": 2,
          "failureMessages": [
            "Error"
          ],
          "location": {
            "line": 96,
            "column": 14
          }
        },
        {
          "ancestorTitles": [
            "",
            "Market API - Basic Tests",
            "Protected Routes - Orders"
          ],
          "fullName": " Market API - Basic Tests Protected Routes - Orders should return 400 for missing productId when adding to order",
          "status": "failed",
          "title": "should return 400 for missing productId when adding to order",
          "duration": 3,
          "failureMessages": [
            "Cannot read properties of undefined (reading 'status')"
          ],
          "location": {
            "line": 226,
            "column": 31
          }
        },
        {
          "ancestorTitles": [
            "",
            "Market API - Basic Tests",
            "Protected Routes - Orders"
          ],
          "fullName": " Market API - Basic Tests Protected Routes - Orders should return 400 for missing quantity when adding to order",
          "status": "failed",
          "title": "should return 400 for missing quantity when adding to order",
          "duration": 2,
          "failureMessages": [
            "Cannot read properties of undefined (reading 'status')"
          ],
          "location": {
            "line": 239,
            "column": 31
          }
        },
        {
          "ancestorTitles": [
            "",
            "Market API - Basic Tests",
            "Protected Routes - Orders"
          ],
          "fullName": " Market API - Basic Tests Protected Routes - Orders should return 400 for non-existent product when adding to order",
          "status": "failed",
          "title": "should return 400 for non-existent product when adding to order",
          "duration": 2,
          "failureMessages": [
            "Cannot read properties of undefined (reading 'status')"
          ],
          "location": {
            "line": 253,
            "column": 31
          }
        },
        {
          "ancestorTitles": [
            "",
            "Market API - Basic Tests",
            "Protected Routes - Orders"
          ],
          "fullName": " Market API - Basic Tests Protected Routes - Orders should get products in order",
          "status": "failed",
          "title": "should get products in order",
          "duration": 2,
          "failureMessages": [
            "Error"
          ],
          "location": {
            "line": 96,
            "column": 14
          }
        },
        {
          "ancestorTitles": [
            "",
            "Market API - Basic Tests",
            "Protected Routes - Products"
          ],
          "fullName": " Market API - Basic Tests Protected Routes - Products should login to get token",
          "status": "failed",
          "title": "should login to get token",
          "duration": 1,
          "failureMessages": [
            "Error"
          ],
          "location": {
            "line": 96,
            "column": 14
          }
        },
        {
          "ancestorTitles": [
            "",
            "Market API - Basic Tests",
            "Protected Routes - Products"
          ],
          "fullName": " Market API - Basic Tests Protected Routes - Products should return 401 for product orders without token",
          "status": "failed",
          "title": "should return 401 for product orders without token",
          "duration": 2,
          "failureMessages": [
            "Cannot read properties of undefined (reading 'status')"
          ],
          "location": {
            "line": 285,
            "column": 31
          }
        },
        {
          "ancestorTitles": [
            "",
            "Market API - Basic Tests",
            "Protected Routes - Products"
          ],
          "fullName": " Market API - Basic Tests Protected Routes - Products should get orders for specific product",
          "status": "failed",
          "title": "should get orders for specific product",
          "duration": 2,
          "failureMessages": [
            "Error"
          ],
          "location": {
            "line": 96,
            "column": 14
          }
        },
        {
          "ancestorTitles": [
            "",
            "Market API - Basic Tests",
            "Protected Routes - Products"
          ],
          "fullName": " Market API - Basic Tests Protected Routes - Products should return 404 for non-existent product orders",
          "status": "failed",
          "title": "should return 404 for non-existent product orders",
          "duration": 1,
          "failureMessages": [
            "Cannot read properties of undefined (reading 'status')"
          ],
          "location": {
            "line": 305,
            "column": 31
          }
        }
      ],
      "startTime": 1761190167060,
      "endTime": 1761190167203,
      "status": "failed",
      "message": "",
      "name": "C:/Users/aweav/OneDrive/Desktop/Coursework/unit6/Market/tests/api-simple.test.js"
    },
    {
      "assertionResults": [
        {
          "ancestorTitles": [
            "",
            "Market API Tests",
            "Health Check"
          ],
          "fullName": " Market API Tests Health Check should return health status",
          "status": "failed",
          "title": "should return health status",
          "duration": 19,
          "failureMessages": [
            "Error"
          ],
          "location": {
            "line": 96,
            "column": 14
          }
        },
        {
          "ancestorTitles": [
            "",
            "Market API Tests",
            "Products API"
          ],
          "fullName": " Market API Tests Products API should get all products",
          "status": "failed",
          "title": "should get all products",
          "duration": 3,
          "failureMessages": [
            "Error"
          ],
          "location": {
            "line": 96,
            "column": 14
          }
        },
        {
          "ancestorTitles": [
            "",
            "Market API Tests",
            "Products API"
          ],
          "fullName": " Market API Tests Products API should get specific product by ID",
          "status": "failed",
          "title": "should get specific product by ID",
          "duration": 2,
          "failureMessages": [
            "Error"
          ],
          "location": {
            "line": 96,
            "column": 14
          }
        },
        {
          "ancestorTitles": [
            "",
            "Market API Tests",
            "Products API"
          ],
          "fullName": " Market API Tests Products API should return 404 for non-existent product",
          "status": "failed",
          "title": "should return 404 for non-existent product",
          "duration": 2,
          "failureMessages": [
            "Cannot read properties of undefined (reading 'status')"
          ],
          "location": {
            "line": 46,
            "column": 31
          }
        },
        {
          "ancestorTitles": [
            "",
            "Market API Tests",
            "User Authentication"
          ],
          "fullName": " Market API Tests User Authentication should register a new user",
          "status": "failed",
          "title": "should register a new user",
          "duration": 3,
          "failureMessages": [
            "Error"
          ],
          "location": {
            "line": 96,
            "column": 14
          }
        },
        {
          "ancestorTitles": [
            "",
            "Market API Tests",
            "User Authentication"
          ],
          "fullName": " Market API Tests User Authentication should return 400 for missing username in registration",
          "status": "failed",
          "title": "should return 400 for missing username in registration",
          "duration": 2,
          "failureMessages": [
            "Cannot read properties of undefined (reading 'status')"
          ],
          "location": {
            "line": 75,
            "column": 31
          }
        },
        {
          "ancestorTitles": [
            "",
            "Market API Tests",
            "User Authentication"
          ],
          "fullName": " Market API Tests User Authentication should return 400 for missing password in registration",
          "status": "failed",
          "title": "should return 400 for missing password in registration",
          "duration": 2,
          "failureMessages": [
            "Cannot read properties of undefined (reading 'status')"
          ],
          "location": {
            "line": 86,
            "column": 31
          }
        },
        {
          "ancestorTitles": [
            "",
            "Market API Tests",
            "User Authentication"
          ],
          "fullName": " Market API Tests User Authentication should login with existing user",
          "status": "failed",
          "title": "should login with existing user",
          "duration": 2,
          "failureMessages": [
            "Error"
          ],
          "location": {
            "line": 96,
            "column": 14
          }
        },
        {
          "ancestorTitles": [
            "",
            "Market API Tests",
            "User Authentication"
          ],
          "fullName": " Market API Tests User Authentication should return 400 for missing username in login",
          "status": "failed",
          "title": "should return 400 for missing username in login",
          "duration": 3,
          "failureMessages": [
            "Cannot read properties of undefined (reading 'status')"
          ],
          "location": {
            "line": 111,
            "column": 31
          }
        },
        {
          "ancestorTitles": [
            "",
            "Market API Tests",
            "User Authentication"
          ],
          "fullName": " Market API Tests User Authentication should return 400 for missing password in login",
          "status": "failed",
          "title": "should return 400 for missing password in login",
          "duration": 2,
          "failureMessages": [
            "Cannot read properties of undefined (reading 'status')"
          ],
          "location": {
            "line": 122,
            "column": 31
          }
        },
        {
          "ancestorTitles": [
            "",
            "Market API Tests",
            "User Authentication"
          ],
          "fullName": " Market API Tests User Authentication should return 401 for invalid credentials",
          "status": "failed",
          "title": "should return 401 for invalid credentials",
          "duration": 2,
          "failureMessages": [
            "Cannot read properties of undefined (reading 'status')"
          ],
          "location": {
            "line": 134,
            "column": 31
          }
        },
        {
          "ancestorTitles": [
            "",
            "Market API Tests",
            "Protected Routes - Orders"
          ],
          "fullName": " Market API Tests Protected Routes - Orders should return 401 for orders without token",
          "status": "failed",
          "title": "should return 401 for orders without token",
          "duration": 1,
          "failureMessages": [
            "Cannot read properties of undefined (reading 'status')"
          ],
          "location": {
            "line": 145,
            "column": 31
          }
        },
        {
          "ancestorTitles": [
            "",
            "Market API Tests",
            "Protected Routes - Orders"
          ],
          "fullName": " Market API Tests Protected Routes - Orders should create a new order with date",
          "status": "failed",
          "title": "should create a new order with date",
          "duration": 1,
          "failureMessages": [
            "Error"
          ],
          "location": {
            "line": 96,
            "column": 14
          }
        },
        {
          "ancestorTitles": [
            "",
            "Market API Tests",
            "Protected Routes - Orders"
          ],
          "fullName": " Market API Tests Protected Routes - Orders should return 400 for order without date",
          "status": "failed",
          "title": "should return 400 for order without date",
          "duration": 2,
          "failureMessages": [
            "Cannot read properties of undefined (reading 'status')"
          ],
          "location": {
            "line": 171,
            "column": 31
          }
        },
        {
          "ancestorTitles": [
            "",
            "Market API Tests",
            "Protected Routes - Orders"
          ],
          "fullName": " Market API Tests Protected Routes - Orders should get all orders for logged-in user",
          "status": "failed",
          "title": "should get all orders for logged-in user",
          "duration": 1,
          "failureMessages": [
            "Error"
          ],
          "location": {
            "line": 96,
            "column": 14
          }
        },
        {
          "ancestorTitles": [
            "",
            "Market API Tests",
            "Protected Routes - Orders"
          ],
          "fullName": " Market API Tests Protected Routes - Orders should get specific order by ID",
          "status": "failed",
          "title": "should get specific order by ID",
          "duration": 2,
          "failureMessages": [
            "Error"
          ],
          "location": {
            "line": 96,
            "column": 14
          }
        },
        {
          "ancestorTitles": [
            "",
            "Market API Tests",
            "Protected Routes - Orders"
          ],
          "fullName": " Market API Tests Protected Routes - Orders should return 404 for non-existent order",
          "status": "failed",
          "title": "should return 404 for non-existent order",
          "duration": 1,
          "failureMessages": [
            "Cannot read properties of undefined (reading 'status')"
          ],
          "location": {
            "line": 201,
            "column": 31
          }
        },
        {
          "ancestorTitles": [
            "",
            "Market API Tests",
            "Protected Routes - Orders"
          ],
          "fullName": " Market API Tests Protected Routes - Orders should add product to order",
          "status": "failed",
          "title": "should add product to order",
          "duration": 3,
          "failureMessages": [
            "Error"
          ],
          "location": {
            "line": 96,
            "column": 14
          }
        },
        {
          "ancestorTitles": [
            "",
            "Market API Tests",
            "Protected Routes - Orders"
          ],
          "fullName": " Market API Tests Protected Routes - Orders should return 400 for missing productId when adding to order",
          "status": "failed",
          "title": "should return 400 for missing productId when adding to order",
          "duration": 3,
          "failureMessages": [
            "Cannot read properties of undefined (reading 'status')"
          ],
          "location": {
            "line": 229,
            "column": 31
          }
        },
        {
          "ancestorTitles": [
            "",
            "Market API Tests",
            "Protected Routes - Orders"
          ],
          "fullName": " Market API Tests Protected Routes - Orders should return 400 for missing quantity when adding to order",
          "status": "failed",
          "title": "should return 400 for missing quantity when adding to order",
          "duration": 2,
          "failureMessages": [
            "Cannot read properties of undefined (reading 'status')"
          ],
          "location": {
            "line": 242,
            "column": 31
          }
        },
        {
          "ancestorTitles": [
            "",
            "Market API Tests",
            "Protected Routes - Orders"
          ],
          "fullName": " Market API Tests Protected Routes - Orders should return 400 for non-existent product when adding to order",
          "status": "failed",
          "title": "should return 400 for non-existent product when adding to order",
          "duration": 1,
          "failureMessages": [
            "Cannot read properties of undefined (reading 'status')"
          ],
          "location": {
            "line": 256,
            "column": 31
          }
        },
        {
          "ancestorTitles": [
            "",
            "Market API Tests",
            "Protected Routes - Orders"
          ],
          "fullName": " Market API Tests Protected Routes - Orders should get products in order",
          "status": "failed",
          "title": "should get products in order",
          "duration": 2,
          "failureMessages": [
            "Error"
          ],
          "location": {
            "line": 96,
            "column": 14
          }
        },
        {
          "ancestorTitles": [
            "",
            "Market API Tests",
            "Protected Routes - Products"
          ],
          "fullName": " Market API Tests Protected Routes - Products should return 401 for product orders without token",
          "status": "failed",
          "title": "should return 401 for product orders without token",
          "duration": 1,
          "failureMessages": [
            "Cannot read properties of undefined (reading 'status')"
          ],
          "location": {
            "line": 276,
            "column": 31
          }
        },
        {
          "ancestorTitles": [
            "",
            "Market API Tests",
            "Protected Routes - Products"
          ],
          "fullName": " Market API Tests Protected Routes - Products should get orders for specific product",
          "status": "failed",
          "title": "should get orders for specific product",
          "duration": 2,
          "failureMessages": [
            "Error"
          ],
          "location": {
            "line": 96,
            "column": 14
          }
        },
        {
          "ancestorTitles": [
            "",
            "Market API Tests",
            "Protected Routes - Products"
          ],
          "fullName": " Market API Tests Protected Routes - Products should return 404 for non-existent product orders",
          "status": "failed",
          "title": "should return 404 for non-existent product orders",
          "duration": 1,
          "failureMessages": [
            "Cannot read properties of undefined (reading 'status')"
          ],
          "location": {
            "line": 296,
            "column": 31
          }
        },
        {
          "ancestorTitles": [
            "",
            "Market API Tests",
            "Authorization Tests"
          ],
          "fullName": " Market API Tests Authorization Tests should create another user for authorization tests",
          "status": "failed",
          "title": "should create another user for authorization tests",
          "duration": 2,
          "failureMessages": [
            "Error"
          ],
          "location": {
            "line": 96,
            "column": 14
          }
        },
        {
          "ancestorTitles": [
            "",
            "Market API Tests",
            "Authorization Tests"
          ],
          "fullName": " Market API Tests Authorization Tests should create order for other user",
          "status": "failed",
          "title": "should create order for other user",
          "duration": 2,
          "failureMessages": [
            "Error"
          ],
          "location": {
            "line": 96,
            "column": 14
          }
        },
        {
          "ancestorTitles": [
            "",
            "Market API Tests",
            "Authorization Tests"
          ],
          "fullName": " Market API Tests Authorization Tests should return 403 when accessing other user's order",
          "status": "failed",
          "title": "should return 403 when accessing other user's order",
          "duration": 1,
          "failureMessages": [
            "Cannot read properties of undefined (reading 'status')"
          ],
          "location": {
            "line": 333,
            "column": 31
          }
        },
        {
          "ancestorTitles": [
            "",
            "Market API Tests",
            "Authorization Tests"
          ],
          "fullName": " Market API Tests Authorization Tests should return 403 when adding products to other user's order",
          "status": "failed",
          "title": "should return 403 when adding products to other user's order",
          "duration": 2,
          "failureMessages": [
            "Cannot read properties of undefined (reading 'status')"
          ],
          "location": {
            "line": 347,
            "column": 31
          }
        },
        {
          "ancestorTitles": [
            "",
            "Market API Tests",
            "Authorization Tests"
          ],
          "fullName": " Market API Tests Authorization Tests should return 403 when getting products from other user's order",
          "status": "failed",
          "title": "should return 403 when getting products from other user's order",
          "duration": 3,
          "failureMessages": [
            "Cannot read properties of undefined (reading 'status')"
          ],
          "location": {
            "line": 358,
            "column": 31
          }
        }
      ],
      "startTime": 1761190168055,
      "endTime": 1761190168132,
      "status": "failed",
      "message": "",
      "name": "C:/Users/aweav/OneDrive/Desktop/Coursework/unit6/Market/tests/api.test.js"
    }
  ]
}