{
  "numTotalTestSuites": 2,
  "numPassedTestSuites": 0,
  "numFailedTestSuites": 2,
  "numPendingTestSuites": 0,
  "numTotalTests": 0,
  "numPassedTests": 0,
  "numFailedTests": 0,
  "numPendingTests": 0,
  "numTodoTests": 0,
  "startTime": 1761238346385,
  "success": false,
  "testResults": [
    {
      "assertionResults": [],
      "startTime": 1761238346385,
      "endTime": 1761238346385,
      "status": "passed",
      "message": "Failed to load url C:/Users/aweav/OneDrive/Desktop/Coursework/Unit6/Market/tests/setup.js (resolved id: C:/Users/aweav/OneDrive/Desktop/Coursework/Unit6/Market/tests/setup.js). Does the file exist?",
      "name": "C:/Users/aweav/OneDrive/Desktop/Coursework/Unit6/Market/__tests__/database.test.js"
    },
    {
      "assertionResults": [],
      "startTime": 1761238346385,
      "endTime": 1761238346385,
      "status": "passed",
      "message": "Failed to load url C:/Users/aweav/OneDrive/Desktop/Coursework/Unit6/Market/tests/setup.js (resolved id: C:/Users/aweav/OneDrive/Desktop/Coursework/Unit6/Market/tests/setup.js). Does the file exist?",
      "name": "C:/Users/aweav/OneDrive/Desktop/Coursework/Unit6/Market/__tests__/server.test.js"
    }
  ]
}